[2019-02-17 18:12:13,614] INFO Kafka data directory is /home/knoldus/POC Projects/employeecrud/target/lagom-dynamic-projects/lagom-internal-meta-project-kafka/target/kafka_data. (com.lightbend.lagom.internal.kafka.KafkaLocalServer)
[2019-02-17 18:12:16,042] INFO KafkaConfig values: 
	advertised.host.name = null
	advertised.listeners = null
	advertised.port = null
	alter.config.policy.class.name = null
	authorizer.class.name = 
	auto.create.topics.enable = true
	auto.leader.rebalance.enable = true
	background.threads = 10
	broker.id = 0
	broker.id.generation.enable = true
	broker.rack = null
	compression.type = producer
	connections.max.idle.ms = 600000
	controlled.shutdown.enable = true
	controlled.shutdown.max.retries = 3
	controlled.shutdown.retry.backoff.ms = 5000
	controller.socket.timeout.ms = 30000
	create.topic.policy.class.name = null
	default.replication.factor = 1
	delete.records.purgatory.purge.interval.requests = 1
	delete.topic.enable = false
	fetch.purgatory.purge.interval.requests = 1000
	group.initial.rebalance.delay.ms = 3000
	group.max.session.timeout.ms = 300000
	group.min.session.timeout.ms = 6000
	host.name = 
	inter.broker.listener.name = null
	inter.broker.protocol.version = 0.11.0-IV2
	leader.imbalance.check.interval.seconds = 300
	leader.imbalance.per.broker.percentage = 10
	listener.security.protocol.map = SSL:SSL,SASL_PLAINTEXT:SASL_PLAINTEXT,TRACE:TRACE,SASL_SSL:SASL_SSL,PLAINTEXT:PLAINTEXT
	listeners = PLAINTEXT://:9092
	log.cleaner.backoff.ms = 15000
	log.cleaner.dedupe.buffer.size = 134217728
	log.cleaner.delete.retention.ms = 86400000
	log.cleaner.enable = true
	log.cleaner.io.buffer.load.factor = 0.9
	log.cleaner.io.buffer.size = 524288
	log.cleaner.io.max.bytes.per.second = 1.7976931348623157E308
	log.cleaner.min.cleanable.ratio = 0.5
	log.cleaner.min.compaction.lag.ms = 0
	log.cleaner.threads = 1
	log.cleanup.policy = [delete]
	log.dir = /tmp/kafka-logs
	log.dirs = /home/knoldus/POC Projects/employeecrud/target/lagom-dynamic-projects/lagom-internal-meta-project-kafka/target/kafka_data
	log.flush.interval.messages = 9223372036854775807
	log.flush.interval.ms = null
	log.flush.offset.checkpoint.interval.ms = 60000
	log.flush.scheduler.interval.ms = 9223372036854775807
	log.flush.start.offset.checkpoint.interval.ms = 60000
	log.index.interval.bytes = 4096
	log.index.size.max.bytes = 10485760
	log.message.format.version = 0.11.0-IV2
	log.message.timestamp.difference.max.ms = 9223372036854775807
	log.message.timestamp.type = CreateTime
	log.preallocate = false
	log.retention.bytes = -1
	log.retention.check.interval.ms = 300000
	log.retention.hours = 168
	log.retention.minutes = null
	log.retention.ms = null
	log.roll.hours = 168
	log.roll.jitter.hours = 0
	log.roll.jitter.ms = null
	log.roll.ms = null
	log.segment.bytes = 1073741824
	log.segment.delete.delay.ms = 60000
	max.connections.per.ip = 2147483647
	max.connections.per.ip.overrides = 
	message.max.bytes = 1000012
	metric.reporters = []
	metrics.num.samples = 2
	metrics.recording.level = INFO
	metrics.sample.window.ms = 30000
	min.insync.replicas = 1
	num.io.threads = 8
	num.network.threads = 3
	num.partitions = 1
	num.recovery.threads.per.data.dir = 1
	num.replica.fetchers = 1
	offset.metadata.max.bytes = 4096
	offsets.commit.required.acks = -1
	offsets.commit.timeout.ms = 5000
	offsets.load.buffer.size = 5242880
	offsets.retention.check.interval.ms = 600000
	offsets.retention.minutes = 1440
	offsets.topic.compression.codec = 0
	offsets.topic.num.partitions = 1
	offsets.topic.replication.factor = 1
	offsets.topic.segment.bytes = 104857600
	port = 9092
	principal.builder.class = class org.apache.kafka.common.security.auth.DefaultPrincipalBuilder
	producer.purgatory.purge.interval.requests = 1000
	queued.max.requests = 500
	quota.consumer.default = 9223372036854775807
	quota.producer.default = 9223372036854775807
	quota.window.num = 11
	quota.window.size.seconds = 1
	replica.fetch.backoff.ms = 1000
	replica.fetch.max.bytes = 1048576
	replica.fetch.min.bytes = 1
	replica.fetch.response.max.bytes = 10485760
	replica.fetch.wait.max.ms = 500
	replica.high.watermark.checkpoint.interval.ms = 5000
	replica.lag.time.max.ms = 10000
	replica.socket.receive.buffer.bytes = 65536
	replica.socket.timeout.ms = 30000
	replication.quota.window.num = 11
	replication.quota.window.size.seconds = 1
	request.timeout.ms = 30000
	reserved.broker.max.id = 1000
	sasl.enabled.mechanisms = [GSSAPI]
	sasl.kerberos.kinit.cmd = /usr/bin/kinit
	sasl.kerberos.min.time.before.relogin = 60000
	sasl.kerberos.principal.to.local.rules = [DEFAULT]
	sasl.kerberos.service.name = null
	sasl.kerberos.ticket.renew.jitter = 0.05
	sasl.kerberos.ticket.renew.window.factor = 0.8
	sasl.mechanism.inter.broker.protocol = GSSAPI
	security.inter.broker.protocol = PLAINTEXT
	socket.receive.buffer.bytes = 102400
	socket.request.max.bytes = 104857600
	socket.send.buffer.bytes = 102400
	ssl.cipher.suites = null
	ssl.client.auth = none
	ssl.enabled.protocols = [TLSv1.2, TLSv1.1, TLSv1]
	ssl.endpoint.identification.algorithm = null
	ssl.key.password = null
	ssl.keymanager.algorithm = SunX509
	ssl.keystore.location = null
	ssl.keystore.password = null
	ssl.keystore.type = JKS
	ssl.protocol = TLS
	ssl.provider = null
	ssl.secure.random.implementation = null
	ssl.trustmanager.algorithm = PKIX
	ssl.truststore.location = null
	ssl.truststore.password = null
	ssl.truststore.type = JKS
	transaction.abort.timed.out.transaction.cleanup.interval.ms = 60000
	transaction.max.timeout.ms = 900000
	transaction.remove.expired.transaction.cleanup.interval.ms = 3600000
	transaction.state.log.load.buffer.size = 5242880
	transaction.state.log.min.isr = 2
	transaction.state.log.num.partitions = 50
	transaction.state.log.replication.factor = 3
	transaction.state.log.segment.bytes = 104857600
	transactional.id.expiration.ms = 604800000
	unclean.leader.election.enable = false
	zookeeper.connect = localhost:2181
	zookeeper.connection.timeout.ms = 6000
	zookeeper.session.timeout.ms = 6000
	zookeeper.set.acl = false
	zookeeper.sync.time.ms = 2000
 (kafka.server.KafkaConfig)
[2019-02-17 18:12:18,297] INFO Zookeeper data directory is /home/knoldus/POC Projects/employeecrud/target/lagom-dynamic-projects/lagom-internal-meta-project-kafka/target/zookeeper_data. (com.lightbend.lagom.internal.kafka.KafkaLocalServer)
[2019-02-17 18:12:18,315] INFO Starting server (org.apache.zookeeper.server.ZooKeeperServerMain)
[2019-02-17 18:12:18,393] INFO Server environment:zookeeper.version=3.4.10-39d3a4f269333c922ed3db283be479f9deacaa0f, built on 03/23/2017 10:13 GMT (org.apache.zookeeper.server.ZooKeeperServer)
[2019-02-17 18:12:18,393] INFO Server environment:host.name=knoldus-Vostro-15-3568 (org.apache.zookeeper.server.ZooKeeperServer)
[2019-02-17 18:12:18,394] INFO Server environment:java.version=1.8.0_191 (org.apache.zookeeper.server.ZooKeeperServer)
[2019-02-17 18:12:18,394] INFO Server environment:java.vendor=Oracle Corporation (org.apache.zookeeper.server.ZooKeeperServer)
[2019-02-17 18:12:18,394] INFO Server environment:java.home=/usr/lib/jvm/java-8-openjdk-amd64/jre (org.apache.zookeeper.server.ZooKeeperServer)
[2019-02-17 18:12:18,394] INFO Server environment:java.class.path=/home/knoldus/.m2/repository/com/lightbend/lagom/lagom-kafka-server_2.12/1.4.6/lagom-kafka-server_2.12-1.4.6.jar:/home/knoldus/.m2/repository/org/scala-lang/scala-library/2.12.6/scala-library-2.12.6.jar:/home/knoldus/.m2/repository/org/apache/kafka/kafka_2.12/0.11.0.1/kafka_2.12-0.11.0.1.jar:/home/knoldus/.m2/repository/org/apache/kafka/kafka-clients/0.11.0.1/kafka-clients-0.11.0.1.jar:/home/knoldus/.m2/repository/net/jpountz/lz4/lz4/1.3.0/lz4-1.3.0.jar:/home/knoldus/.m2/repository/org/xerial/snappy/snappy-java/1.1.2.6/snappy-java-1.1.2.6.jar:/home/knoldus/.m2/repository/org/slf4j/slf4j-api/1.7.25/slf4j-api-1.7.25.jar:/home/knoldus/.m2/repository/net/sf/jopt-simple/jopt-simple/5.0.3/jopt-simple-5.0.3.jar:/home/knoldus/.m2/repository/com/yammer/metrics/metrics-core/2.2.0/metrics-core-2.2.0.jar:/home/knoldus/.m2/repository/org/slf4j/slf4j-log4j12/1.7.25/slf4j-log4j12-1.7.25.jar:/home/knoldus/.m2/repository/log4j/log4j/1.2.17/log4j-1.2.17.jar:/home/knoldus/.m2/repository/com/101tec/zkclient/0.10/zkclient-0.10.jar:/home/knoldus/.m2/repository/org/apache/zookeeper/zookeeper/3.4.10/zookeeper-3.4.10.jar:/home/knoldus/.m2/repository/org/scala-lang/modules/scala-parser-combinators_2.12/1.0.4/scala-parser-combinators_2.12-1.0.4.jar:/home/knoldus/.m2/repository/org/apache/curator/curator-framework/2.10.0/curator-framework-2.10.0.jar:/home/knoldus/.m2/repository/org/apache/curator/curator-client/2.10.0/curator-client-2.10.0.jar:/home/knoldus/.m2/repository/org/apache/curator/curator-test/2.10.0/curator-test-2.10.0.jar:/home/knoldus/.m2/repository/org/apache/commons/commons-math/2.2/commons-math-2.2.jar:/home/knoldus/.m2/repository/com/google/guava/guava/16.0.1/guava-16.0.1.jar:/home/knoldus/.m2/repository/org/javassist/javassist/3.21.0-GA/javassist-3.21.0-GA.jar:/home/knoldus/.m2/repository/org/scala-lang/modules/scala-java8-compat_2.12/0.8.0/scala-java8-compat_2.12-0.8.0.jar (org.apache.zookeeper.server.ZooKeeperServer)
[2019-02-17 18:12:18,395] INFO Server environment:java.library.path=/usr/java/packages/lib/amd64:/usr/lib/x86_64-linux-gnu/jni:/lib/x86_64-linux-gnu:/usr/lib/x86_64-linux-gnu:/usr/lib/jni:/lib:/usr/lib (org.apache.zookeeper.server.ZooKeeperServer)
[2019-02-17 18:12:18,395] INFO Server environment:java.io.tmpdir=/tmp (org.apache.zookeeper.server.ZooKeeperServer)
[2019-02-17 18:12:18,395] INFO Server environment:java.compiler=<NA> (org.apache.zookeeper.server.ZooKeeperServer)
[2019-02-17 18:12:18,395] INFO Server environment:os.name=Linux (org.apache.zookeeper.server.ZooKeeperServer)
[2019-02-17 18:12:18,395] INFO Server environment:os.arch=amd64 (org.apache.zookeeper.server.ZooKeeperServer)
[2019-02-17 18:12:18,395] INFO Server environment:os.version=4.4.0-46-generic (org.apache.zookeeper.server.ZooKeeperServer)
[2019-02-17 18:12:18,395] INFO Server environment:user.name=knoldus (org.apache.zookeeper.server.ZooKeeperServer)
[2019-02-17 18:12:18,395] INFO Server environment:user.home=/home/knoldus (org.apache.zookeeper.server.ZooKeeperServer)
[2019-02-17 18:12:18,395] INFO Server environment:user.dir=/home/knoldus/POC Projects/employeecrud (org.apache.zookeeper.server.ZooKeeperServer)
[2019-02-17 18:12:18,431] INFO tickTime set to 3000 (org.apache.zookeeper.server.ZooKeeperServer)
[2019-02-17 18:12:18,432] INFO minSessionTimeout set to -1 (org.apache.zookeeper.server.ZooKeeperServer)
[2019-02-17 18:12:18,432] INFO maxSessionTimeout set to -1 (org.apache.zookeeper.server.ZooKeeperServer)
[2019-02-17 18:12:18,584] INFO binding to port 0.0.0.0/0.0.0.0:2181 (org.apache.zookeeper.server.NIOServerCnxnFactory)
[2019-02-17 18:12:19,707] INFO starting (kafka.server.KafkaServer)
[2019-02-17 18:12:19,813] INFO Connecting to zookeeper on localhost:2181 (kafka.server.KafkaServer)
[2019-02-17 18:12:19,972] INFO Starting ZkClient event thread. (org.I0Itec.zkclient.ZkEventThread)
[2019-02-17 18:12:19,995] INFO Client environment:zookeeper.version=3.4.10-39d3a4f269333c922ed3db283be479f9deacaa0f, built on 03/23/2017 10:13 GMT (org.apache.zookeeper.ZooKeeper)
[2019-02-17 18:12:19,995] INFO Client environment:host.name=knoldus-Vostro-15-3568 (org.apache.zookeeper.ZooKeeper)
[2019-02-17 18:12:19,995] INFO Client environment:java.version=1.8.0_191 (org.apache.zookeeper.ZooKeeper)
[2019-02-17 18:12:19,996] INFO Client environment:java.vendor=Oracle Corporation (org.apache.zookeeper.ZooKeeper)
[2019-02-17 18:12:19,996] INFO Client environment:java.home=/usr/lib/jvm/java-8-openjdk-amd64/jre (org.apache.zookeeper.ZooKeeper)
[2019-02-17 18:12:19,996] INFO Client environment:java.class.path=/home/knoldus/.m2/repository/com/lightbend/lagom/lagom-kafka-server_2.12/1.4.6/lagom-kafka-server_2.12-1.4.6.jar:/home/knoldus/.m2/repository/org/scala-lang/scala-library/2.12.6/scala-library-2.12.6.jar:/home/knoldus/.m2/repository/org/apache/kafka/kafka_2.12/0.11.0.1/kafka_2.12-0.11.0.1.jar:/home/knoldus/.m2/repository/org/apache/kafka/kafka-clients/0.11.0.1/kafka-clients-0.11.0.1.jar:/home/knoldus/.m2/repository/net/jpountz/lz4/lz4/1.3.0/lz4-1.3.0.jar:/home/knoldus/.m2/repository/org/xerial/snappy/snappy-java/1.1.2.6/snappy-java-1.1.2.6.jar:/home/knoldus/.m2/repository/org/slf4j/slf4j-api/1.7.25/slf4j-api-1.7.25.jar:/home/knoldus/.m2/repository/net/sf/jopt-simple/jopt-simple/5.0.3/jopt-simple-5.0.3.jar:/home/knoldus/.m2/repository/com/yammer/metrics/metrics-core/2.2.0/metrics-core-2.2.0.jar:/home/knoldus/.m2/repository/org/slf4j/slf4j-log4j12/1.7.25/slf4j-log4j12-1.7.25.jar:/home/knoldus/.m2/repository/log4j/log4j/1.2.17/log4j-1.2.17.jar:/home/knoldus/.m2/repository/com/101tec/zkclient/0.10/zkclient-0.10.jar:/home/knoldus/.m2/repository/org/apache/zookeeper/zookeeper/3.4.10/zookeeper-3.4.10.jar:/home/knoldus/.m2/repository/org/scala-lang/modules/scala-parser-combinators_2.12/1.0.4/scala-parser-combinators_2.12-1.0.4.jar:/home/knoldus/.m2/repository/org/apache/curator/curator-framework/2.10.0/curator-framework-2.10.0.jar:/home/knoldus/.m2/repository/org/apache/curator/curator-client/2.10.0/curator-client-2.10.0.jar:/home/knoldus/.m2/repository/org/apache/curator/curator-test/2.10.0/curator-test-2.10.0.jar:/home/knoldus/.m2/repository/org/apache/commons/commons-math/2.2/commons-math-2.2.jar:/home/knoldus/.m2/repository/com/google/guava/guava/16.0.1/guava-16.0.1.jar:/home/knoldus/.m2/repository/org/javassist/javassist/3.21.0-GA/javassist-3.21.0-GA.jar:/home/knoldus/.m2/repository/org/scala-lang/modules/scala-java8-compat_2.12/0.8.0/scala-java8-compat_2.12-0.8.0.jar (org.apache.zookeeper.ZooKeeper)
[2019-02-17 18:12:19,997] INFO Client environment:java.library.path=/usr/java/packages/lib/amd64:/usr/lib/x86_64-linux-gnu/jni:/lib/x86_64-linux-gnu:/usr/lib/x86_64-linux-gnu:/usr/lib/jni:/lib:/usr/lib (org.apache.zookeeper.ZooKeeper)
[2019-02-17 18:12:19,997] INFO Client environment:java.io.tmpdir=/tmp (org.apache.zookeeper.ZooKeeper)
[2019-02-17 18:12:19,997] INFO Client environment:java.compiler=<NA> (org.apache.zookeeper.ZooKeeper)
[2019-02-17 18:12:19,998] INFO Client environment:os.name=Linux (org.apache.zookeeper.ZooKeeper)
[2019-02-17 18:12:19,998] INFO Client environment:os.arch=amd64 (org.apache.zookeeper.ZooKeeper)
[2019-02-17 18:12:19,998] INFO Client environment:os.version=4.4.0-46-generic (org.apache.zookeeper.ZooKeeper)
[2019-02-17 18:12:19,999] INFO Client environment:user.name=knoldus (org.apache.zookeeper.ZooKeeper)
[2019-02-17 18:12:19,999] INFO Client environment:user.home=/home/knoldus (org.apache.zookeeper.ZooKeeper)
[2019-02-17 18:12:19,999] INFO Client environment:user.dir=/home/knoldus/POC Projects/employeecrud (org.apache.zookeeper.ZooKeeper)
[2019-02-17 18:12:20,004] INFO Initiating client connection, connectString=localhost:2181 sessionTimeout=6000 watcher=org.I0Itec.zkclient.ZkClient@3d74bf60 (org.apache.zookeeper.ZooKeeper)
[2019-02-17 18:12:20,088] INFO Waiting for keeper state SyncConnected (org.I0Itec.zkclient.ZkClient)
[2019-02-17 18:12:20,105] INFO Opening socket connection to server localhost/127.0.0.1:2181. Will not attempt to authenticate using SASL (unknown error) (org.apache.zookeeper.ClientCnxn)
[2019-02-17 18:12:20,156] INFO Accepted socket connection from /127.0.0.1:43608 (org.apache.zookeeper.server.NIOServerCnxnFactory)
[2019-02-17 18:12:20,170] INFO Socket connection established to localhost/127.0.0.1:2181, initiating session (org.apache.zookeeper.ClientCnxn)
[2019-02-17 18:12:20,237] INFO Client attempting to establish new session at /127.0.0.1:43608 (org.apache.zookeeper.server.ZooKeeperServer)
[2019-02-17 18:12:20,255] INFO Creating new log file: log.1 (org.apache.zookeeper.server.persistence.FileTxnLog)
[2019-02-17 18:12:20,353] INFO Established session 0x168fb7a8a970000 with negotiated timeout 6000 for client /127.0.0.1:43608 (org.apache.zookeeper.server.ZooKeeperServer)
[2019-02-17 18:12:20,356] INFO Session establishment complete on server localhost/127.0.0.1:2181, sessionid = 0x168fb7a8a970000, negotiated timeout = 6000 (org.apache.zookeeper.ClientCnxn)
[2019-02-17 18:12:20,363] INFO zookeeper state changed (SyncConnected) (org.I0Itec.zkclient.ZkClient)
[2019-02-17 18:12:20,540] INFO Got user-level KeeperException when processing sessionid:0x168fb7a8a970000 type:create cxid:0x5 zxid:0x3 txntype:-1 reqpath:n/a Error Path:/brokers Error:KeeperErrorCode = NoNode for /brokers (org.apache.zookeeper.server.PrepRequestProcessor)
[2019-02-17 18:12:20,611] INFO Got user-level KeeperException when processing sessionid:0x168fb7a8a970000 type:create cxid:0xb zxid:0x7 txntype:-1 reqpath:n/a Error Path:/config Error:KeeperErrorCode = NoNode for /config (org.apache.zookeeper.server.PrepRequestProcessor)
[2019-02-17 18:12:20,668] INFO Got user-level KeeperException when processing sessionid:0x168fb7a8a970000 type:create cxid:0x13 zxid:0xc txntype:-1 reqpath:n/a Error Path:/admin Error:KeeperErrorCode = NoNode for /admin (org.apache.zookeeper.server.PrepRequestProcessor)
[2019-02-17 18:12:21,058] INFO Got user-level KeeperException when processing sessionid:0x168fb7a8a970000 type:create cxid:0x1d zxid:0x12 txntype:-1 reqpath:n/a Error Path:/cluster Error:KeeperErrorCode = NoNode for /cluster (org.apache.zookeeper.server.PrepRequestProcessor)
[2019-02-17 18:12:21,099] INFO Cluster ID = Scl-mhfgQH2K_d6l6gq93w (kafka.server.KafkaServer)
[2019-02-17 18:12:21,116] WARN No meta.properties file under dir /home/knoldus/POC Projects/employeecrud/target/lagom-dynamic-projects/lagom-internal-meta-project-kafka/target/kafka_data/meta.properties (kafka.server.BrokerMetadataCheckpoint)
[2019-02-17 18:12:21,449] INFO [ThrottledRequestReaper-Fetch]: Starting (kafka.server.ClientQuotaManager$ThrottledRequestReaper)
[2019-02-17 18:12:21,450] INFO [ThrottledRequestReaper-Produce]: Starting (kafka.server.ClientQuotaManager$ThrottledRequestReaper)
[2019-02-17 18:12:21,464] INFO [ThrottledRequestReaper-Request]: Starting (kafka.server.ClientQuotaManager$ThrottledRequestReaper)
[2019-02-17 18:12:21,784] INFO Log directory '/home/knoldus/POC Projects/employeecrud/target/lagom-dynamic-projects/lagom-internal-meta-project-kafka/target/kafka_data' not found, creating it. (kafka.log.LogManager)
[2019-02-17 18:12:21,886] INFO Loading logs. (kafka.log.LogManager)
[2019-02-17 18:12:21,943] INFO Logs loading complete in 57 ms. (kafka.log.LogManager)
[2019-02-17 18:12:22,161] INFO Starting log cleanup with a period of 300000 ms. (kafka.log.LogManager)
[2019-02-17 18:12:22,184] INFO Starting log flusher with a default period of 9223372036854775807 ms. (kafka.log.LogManager)
[2019-02-17 18:12:22,573] INFO Awaiting socket connections on 0.0.0.0:9092. (kafka.network.Acceptor)
[2019-02-17 18:12:22,724] INFO [Socket Server on Broker 0], Started 1 acceptor threads (kafka.network.SocketServer)
[2019-02-17 18:12:22,974] INFO [ExpirationReaper-0-Produce]: Starting (kafka.server.DelayedOperationPurgatory$ExpiredOperationReaper)
[2019-02-17 18:12:23,027] INFO [ExpirationReaper-0-Fetch]: Starting (kafka.server.DelayedOperationPurgatory$ExpiredOperationReaper)
[2019-02-17 18:12:23,079] INFO [ExpirationReaper-0-DeleteRecords]: Starting (kafka.server.DelayedOperationPurgatory$ExpiredOperationReaper)
[2019-02-17 18:12:24,007] INFO [ExpirationReaper-0-topic]: Starting (kafka.server.DelayedOperationPurgatory$ExpiredOperationReaper)
[2019-02-17 18:12:24,039] INFO Creating /controller (is it secure? false) (kafka.utils.ZKCheckedEphemeral)
[2019-02-17 18:12:24,099] INFO [ExpirationReaper-0-Heartbeat]: Starting (kafka.server.DelayedOperationPurgatory$ExpiredOperationReaper)
[2019-02-17 18:12:24,107] INFO Result of znode creation is: OK (kafka.utils.ZKCheckedEphemeral)
[2019-02-17 18:12:24,140] INFO [ExpirationReaper-0-Rebalance]: Starting (kafka.server.DelayedOperationPurgatory$ExpiredOperationReaper)
[2019-02-17 18:12:24,155] INFO Got user-level KeeperException when processing sessionid:0x168fb7a8a970000 type:setData cxid:0x27 zxid:0x16 txntype:-1 reqpath:n/a Error Path:/controller_epoch Error:KeeperErrorCode = NoNode for /controller_epoch (org.apache.zookeeper.server.PrepRequestProcessor)
[2019-02-17 18:12:24,402] INFO [GroupCoordinator 0]: Starting up. (kafka.coordinator.group.GroupCoordinator)
[2019-02-17 18:12:24,434] INFO [GroupCoordinator 0]: Startup complete. (kafka.coordinator.group.GroupCoordinator)
[2019-02-17 18:12:24,503] INFO [Group Metadata Manager on Broker 0]: Removed 0 expired offsets in 79 milliseconds. (kafka.coordinator.group.GroupMetadataManager)
[2019-02-17 18:12:24,644] INFO [ProducerId Manager 0]: Acquired new producerId block (brokerId:0,blockStartProducerId:0,blockEndProducerId:999) by writing to Zk with path version 1 (kafka.coordinator.transaction.ProducerIdManager)
[2019-02-17 18:12:25,037] INFO [Transaction Coordinator 0]: Starting up. (kafka.coordinator.transaction.TransactionCoordinator)
[2019-02-17 18:12:25,072] INFO [Transaction Coordinator 0]: Startup complete. (kafka.coordinator.transaction.TransactionCoordinator)
[2019-02-17 18:12:25,094] INFO [Transaction Marker Channel Manager 0]: Starting (kafka.coordinator.transaction.TransactionMarkerChannelManager)
[2019-02-17 18:12:25,236] INFO Got user-level KeeperException when processing sessionid:0x168fb7a8a970000 type:delete cxid:0x3c zxid:0x19 txntype:-1 reqpath:n/a Error Path:/admin/preferred_replica_election Error:KeeperErrorCode = NoNode for /admin/preferred_replica_election (org.apache.zookeeper.server.PrepRequestProcessor)
[2019-02-17 18:12:25,575] INFO Will not load MX4J, mx4j-tools.jar is not in the classpath (kafka.utils.Mx4jLoader$)
[2019-02-17 18:12:25,815] INFO Creating /brokers/ids/0 (is it secure? false) (kafka.utils.ZKCheckedEphemeral)
[2019-02-17 18:12:25,823] INFO Got user-level KeeperException when processing sessionid:0x168fb7a8a970000 type:create cxid:0x46 zxid:0x1a txntype:-1 reqpath:n/a Error Path:/brokers Error:KeeperErrorCode = NodeExists for /brokers (org.apache.zookeeper.server.PrepRequestProcessor)
[2019-02-17 18:12:25,838] INFO Got user-level KeeperException when processing sessionid:0x168fb7a8a970000 type:create cxid:0x47 zxid:0x1b txntype:-1 reqpath:n/a Error Path:/brokers/ids Error:KeeperErrorCode = NodeExists for /brokers/ids (org.apache.zookeeper.server.PrepRequestProcessor)
[2019-02-17 18:12:25,865] INFO Result of znode creation is: OK (kafka.utils.ZKCheckedEphemeral)
[2019-02-17 18:12:25,876] INFO Registered broker 0 at path /brokers/ids/0 with addresses: EndPoint(knoldus-Vostro-15-3568,9092,ListenerName(PLAINTEXT),PLAINTEXT) (kafka.utils.ZkUtils)
[2019-02-17 18:12:25,881] WARN No meta.properties file under dir /home/knoldus/POC Projects/employeecrud/target/lagom-dynamic-projects/lagom-internal-meta-project-kafka/target/kafka_data/meta.properties (kafka.server.BrokerMetadataCheckpoint)
[2019-02-17 18:12:26,450] INFO Kafka version : 0.11.0.1 (org.apache.kafka.common.utils.AppInfoParser)
[2019-02-17 18:12:26,450] INFO Kafka commitId : c2a0d5f9b1f45bf5 (org.apache.kafka.common.utils.AppInfoParser)
[2019-02-17 18:12:26,454] INFO [Kafka Server 0], started (kafka.server.KafkaServer)
